<?xml version="1.0" encoding="UTF-8"?>
<!-- Generated by org.testng.reporters.JUnitXMLReporter -->
<testsuite hostname="Girish-PC" name="login Test" tests="3" failures="0" timestamp="24 Apr 2016 15:59:15 GMT" time="89.162" errors="0">
  <testcase name="loginTest" time="0.421" classname="com.qtpselenium.framework.datadriven.ordering.LoginTest">
    <skipped/>
  </testcase> <!-- loginTest -->
  <testcase name="loginTest" time="0.374" classname="com.qtpselenium.framework.datadriven.ordering.LoginTest">
    <skipped/>
  </testcase> <!-- loginTest -->
  <testcase name="loginTest" time="81.986" classname="com.qtpselenium.framework.datadriven.ordering.LoginTest"/>
</testsuite> <!-- login Test -->
