<?xml version="1.0" encoding="UTF-8"?>
<!-- Generated by org.testng.reporters.JUnitXMLReporter -->
<testsuite hostname="XIN009ONAB48044" name="Default test" tests="3" failures="0" timestamp="24 May 2016 11:00:43 GMT" time="33.604" errors="0">
  <testcase name="loginTest" time="0.125" classname="com.ctliselenium.framework.datadriven.ordering.LoginTest">
    <skipped/>
  </testcase> <!-- loginTest -->
  <testcase name="loginTest" time="0.094" classname="com.ctliselenium.framework.datadriven.ordering.LoginTest">
    <skipped/>
  </testcase> <!-- loginTest -->
  <testcase name="loginTest" time="32.417" classname="com.ctliselenium.framework.datadriven.ordering.LoginTest"/>
</testsuite> <!-- Default test -->
