<?xml version="1.0" encoding="UTF-8"?>
<!-- Generated by org.testng.reporters.JUnitXMLReporter -->
<testsuite hostname="Girish-PC" name="Least Per Asset Test" tests="3" failures="0" timestamp="5 Apr 2016 16:21:43 GMT" time="0.419" errors="0">
  <testcase name="LeastPerAssetTest" time="0.131" classname="com.qtpselenium.framework.datadriven.portfolio.LeastPerAssetTest">
    <skipped/>
  </testcase> <!-- LeastPerAssetTest -->
  <testcase name="LeastPerAssetTest" time="0.11" classname="com.qtpselenium.framework.datadriven.portfolio.LeastPerAssetTest">
    <skipped/>
  </testcase> <!-- LeastPerAssetTest -->
  <testcase name="LeastPerAssetTest" time="0.101" classname="com.qtpselenium.framework.datadriven.portfolio.LeastPerAssetTest">
    <skipped/>
  </testcase> <!-- LeastPerAssetTest -->
</testsuite> <!-- Least Per Asset Test -->
