<?xml version="1.0" encoding="UTF-8"?>
<!-- Generated by org.testng.reporters.JUnitXMLReporter -->
<testsuite hostname="Girish-PC" name="login Test" tests="3" failures="0" timestamp="5 Apr 2016 16:21:43 GMT" time="81.387" errors="0">
  <testcase name="loginTest" time="0.159" classname="com.qtpselenium.framework.datadriven.portfolio.LoginTest">
    <skipped/>
  </testcase> <!-- loginTest -->
  <testcase name="loginTest" time="0.118" classname="com.qtpselenium.framework.datadriven.portfolio.LoginTest">
    <skipped/>
  </testcase> <!-- loginTest -->
  <testcase name="loginTest" time="78.743" classname="com.qtpselenium.framework.datadriven.portfolio.LoginTest"/>
</testsuite> <!-- login Test -->
