<?xml version="1.0" encoding="UTF-8"?>
<testsuite xmlns:xsi="http://www.w3.org/2001/XMLSchema-instance" xsi:schemaLocation="https://maven.apache.org/surefire/maven-surefire-plugin/xsd/surefire-test-report.xsd" name="TestSuite" time="249.691" tests="8" errors="0" skipped="4" failures="0">
  <properties>
[...]
</properties>
  <testcase name="loginTest" classname="com.ctliselenium.framework.datadriven.ordering.LoginTest" time="0">
    <skipped message="skipping the test=loginTestinside the suite=OrderingSuite"/>
    <system-out><![CDATA[Starting Ordering suite
Starting Ordering suite
testName isloginTest
total rows in sheet Data are26
Test starts from row Number -1
Total rows of data are3
Total cols of data are6
]]></system-out>
  </testcase>
  <testcase name="loginTest" classname="com.ctliselenium.framework.datadriven.ordering.LoginTest" time="0">
    <skipped message="skipping the test=loginTestinside the suite=OrderingSuite"/>
  </testcase>
  <testcase name="loginTest" classname="com.ctliselenium.framework.datadriven.ordering.LoginTest" time="42.511"/>
  <testcase name="AddTest" classname="com.ctliselenium.framework.datadriven.ordering.AddTest" time="34.739"/>
  <testcase name="ViewBillTest" classname="com.ctliselenium.framework.datadriven.Billing.ViewBillTest" time="49.506"/>
  <testcase name="test1" classname="com.ctliselenium.framework.datadriven.suiteC.Test1" time="104.603"/>
  <testcase name="test1" classname="com.ctliselenium.framework.datadriven.suiteC.Test1" time="0">
    <skipped message="skipping the test=test1inside the suite=SuiteC"/>
  </testcase>
  <testcase name="test1" classname="com.ctliselenium.framework.datadriven.suiteC.Test1" time="0">
    <skipped message="skipping the test=test1inside the suite=SuiteC"/>
  </testcase>
</testsuite>