<?xml version="1.0" encoding="UTF-8"?>
<!-- Generated by org.testng.reporters.JUnitXMLReporter -->
<testsuite hostname="Girish-PC" name=" Stock Add Test" tests="3" failures="0" timestamp="5 Apr 2016 18:42:44 GMT" time="1.102" errors="0">
  <testcase name="addStock" time="0.345" classname="com.qtpselenium.framework.datadriven.StockSuite.AddStock">
    <skipped/>
  </testcase> <!-- addStock -->
  <testcase name="addStock" time="0.251" classname="com.qtpselenium.framework.datadriven.StockSuite.AddStock">
    <skipped/>
  </testcase> <!-- addStock -->
  <testcase name="addStock" time="0.296" classname="com.qtpselenium.framework.datadriven.StockSuite.AddStock">
    <skipped/>
  </testcase> <!-- addStock -->
</testsuite> <!--  Stock Add Test -->
