<?xml version="1.0" encoding="UTF-8"?>
<!-- Generated by org.testng.reporters.JUnitXMLReporter -->
<testsuite hostname="XIN009ONAB48044" name="Test 1" tests="3" failures="0" timestamp="24 May 2016 07:50:52 GMT" time="104.934" errors="0">
  <testcase name="test1" time="104.606" classname="com.ctliselenium.framework.datadriven.suiteC.Test1"/>
  <testcase name="test1" time="0.156" classname="com.ctliselenium.framework.datadriven.suiteC.Test1">
    <skipped/>
  </testcase> <!-- test1 -->
  <testcase name="test1" time="0.079" classname="com.ctliselenium.framework.datadriven.suiteC.Test1">
    <skipped/>
  </testcase> <!-- test1 -->
</testsuite> <!-- Test 1 -->
