<?xml version="1.0" encoding="UTF-8"?>
<!-- Generated by org.testng.reporters.JUnitXMLReporter -->
<testsuite hostname="XIN009ONAB48044" name="login Test" tests="3" failures="0" timestamp="24 May 2016 07:47:36 GMT" time="45.775" errors="0">
  <testcase name="loginTest" time="0.097" classname="com.ctliselenium.framework.datadriven.ordering.LoginTest">
    <skipped/>
  </testcase> <!-- loginTest -->
  <testcase name="loginTest" time="0.094" classname="com.ctliselenium.framework.datadriven.ordering.LoginTest">
    <skipped/>
  </testcase> <!-- loginTest -->
  <testcase name="loginTest" time="42.511" classname="com.ctliselenium.framework.datadriven.ordering.LoginTest"/>
</testsuite> <!-- login Test -->
